<?xml version="1.0" encoding="UTF-8"?>
<testsuite name="com.shape.weathertask.service.WeatherServiceTest" tests="1" skipped="0" failures="0" errors="0" timestamp="2023-09-12T17:20:09" hostname="DESKTOP-CP2GGUO" time="1.589">
  <properties/>
  <testcase name="testGetWeatherSummary_NoValidCity()" classname="com.shape.weathertask.service.WeatherServiceTest" time="1.589"/>
  <system-out><![CDATA[]]></system-out>
  <system-err><![CDATA[]]></system-err>
</testsuite>
